MPASM 5.84                        SMP9_5.ASM   1-22-2020  11:13:03         PAGE  1


LOC  OBJECT CODE     LINE SOURCE TEXT
  VALUE

                      00001                 LIST P=PIC16F84A
                      00002                 #INCLUDE<P16F84A.INC>
                      00001         LIST
                      00002 
                      00003 ;==========================================================================
                      00004 ; Build date : Mar 17 2019
                      00005 ;  MPASM PIC16F84A processor include
                      00006 ; 
                      00007 ;  (c) Copyright 1999-2019 Microchip Technology, All rights reserved
                      00008 ;==========================================================================
                      00009 
                      00209         LIST
                      00003                 
2007   3FF2           00004                 __CONFIG _HS_OSC&_CP_OFF&_WDT_OFF&_PWRTE_ON
                      00005 
  0000000C            00006 W_TEMP          EQU             0CH
  0000000D            00007 STATUS_TEMP     EQU             0DH
  0000000E            00008 CNT1            EQU             0EH
  0000000F            00009 CNTB            EQU             0FH
  00000010            00010 TMPA            EQU             010H
  00000011            00011 OUT             EQU             011H
  00000012            00012 REG1            EQU             012H
  00000013            00013 IN              EQU             013H
                      00014 
                      00015                 ORG             0H
0000   2???           00016                 GOTO    MAIN
                      00017                         
                      00018                 ORG             04H
                      00019 
                      00020 ;PUSH
0004   008C           00021                 MOVWF   W_TEMP
0005   0803           00022                 MOVF    STATUS,W
0006   008D           00023                 MOVWF   STATUS_TEMP
                      00024 
0007   2???           00025                 CALL    CRECV
0008   0091           00026                 MOVWF   OUT
0009   0811           00027                 MOVF    OUT,W
000A   0092           00028                 MOVWF   REG1
000B   1292           00029                 BCF     REG1,5
000C   0812           00030                 MOVF    REG1,W
000D   2???           00031                 CALL    CSEND
                      00032 
                      00033 ;POP
000E   080D           00034                 MOVF    STATUS_TEMP,W
000F   0083           00035                 MOVWF   STATUS
0010   0E8C           00036                 SWAPF   W_TEMP,F
0011   0E0C           00037                 SWAPF   W_TEMP,W
0012   108B           00038                 BCF             INTCON,INTF
0013   0009           00039                 RETFIE
                      00040 
                      00041 ;REMAINING CODE GOES HERE
                      00042 
0014                  00043 MAIN
MPASM 5.84                        SMP9_5.ASM   1-22-2020  11:13:03         PAGE  2


LOC  OBJECT CODE     LINE SOURCE TEXT
  VALUE

0014   1683           00044                 BSF     STATUS,RP0
0015   138B           00045                 BCF     INTCON,GIE
Message[302]: Register in operand not in bank 0.  Ensure that bank bits are correct.
0016   0185           00046                 CLRF    TRISA
0017   300F           00047                 MOVLW   0FH
Message[302]: Register in operand not in bank 0.  Ensure that bank bits are correct.
0018   0086           00048                 MOVWF   TRISB
Message[302]: Register in operand not in bank 0.  Ensure that bank bits are correct.
0019   1301           00049                 BCF     OPTION_REG,INTEDG
001A   1283           00050                 BCF     STATUS,RP0
001B   178B           00051                 BSF     INTCON,GIE
001C   160B           00052                 BSF     INTCON,INTE             
                      00053 
001D                  00054 MAINLP
001D   2???           00055                 GOTO    MAINLP          
001E                  00056 CSEND
001E   0093           00057                 MOVWF   IN
001F   3008           00058                 MOVLW   08H
0020   008F           00059                 MOVWF   CNTB
0021   1205           00060                 BCF     PORTA,4
0022   2???           00061                 CALL    TIME104
0023                  00062 CSENDLP
0023   1813           00063                 BTFSC   IN,0
0024   1605           00064                 BSF     PORTA,4
0025   1C13           00065                 BTFSS   IN,0
0026   1205           00066                 BCF     PORTA,4
0027   2???           00067                 CALL    TIME104
0028   0C93           00068                 RRF     IN,F
0029   0B8F           00069                 DECFSZ  CNTB,F
002A   2???           00070                 GOTO    CSENDLP
002B   1605           00071                 BSF     PORTA,4
002C   2???           00072                 CALL    TIME104
002D   0008           00073                 RETURN
                      00074                 
002E                  00075 CRECV
002E   0190           00076                 CLRF    TMPA
002F   3008           00077                 MOVLW   08H
0030   008F           00078                 MOVWF   CNTB
0031   2???           00079                 CALL    TIME156
                      00080 
0032                  00081 CRECVLP
0032   1806           00082                 BTFSC   PORTB,0
0033   1403           00083                 BSF     STATUS,C
0034   1C06           00084                 BTFSS   PORTB,0
0035   1003           00085                 BCF     STATUS,C
0036   0C90           00086                 RRF     TMPA,F
0037   2???           00087                 CALL    TIME104
0038   0B8F           00088                 DECFSZ  CNTB,F
0039   2???           00089                 GOTO    CRECVLP
003A   0810           00090                 MOVF    TMPA,W
003B   0008           00091                 RETURN
                      00092 
003C                  00093 TIME156
MPASM 5.84                        SMP9_5.ASM   1-22-2020  11:13:03         PAGE  3


LOC  OBJECT CODE     LINE SOURCE TEXT
  VALUE

003C   30C3           00094                 MOVLW   0C3H
003D   008E           00095                 MOVWF   CNT1
003E                  00096 LOOP1
003E   0000           00097                 NOP
003F   0B8E           00098                 DECFSZ  CNT1,F
0040   2???           00099                 GOTO    LOOP1
0041   0008           00100                 RETURN
                      00101 
0042                  00102 TIME104
0042   3082           00103                 MOVLW   082H
0043   008E           00104                 MOVWF   CNT1
0044                  00105 LOOP2
0044   0000           00106                 NOP
0045   0B8E           00107                 DECFSZ  CNT1,F
0046   2???           00108                 GOTO    LOOP2
0047   0008           00109                 RETURN
                      00110 
3FF2                  00111                 END
MPASM 5.84                        SMP9_5.ASM   1-22-2020  11:13:03         PAGE  4


SYMBOL TABLE
  LABEL                             VALUE 

C                                 00000000
CNT1                              0000000E
CNTB                              0000000F
CRECV                             0000002E
CRECVLP                           00000032
CSEND                             0000001E
CSENDLP                           00000023
DC                                00000001
EEADR                             00000009
EECON1                            00000088
EECON2                            00000089
EEDATA                            00000008
EEIE                              00000006
EEIF                              00000004
F                                 00000001
FSR                               00000004
GIE                               00000007
IN                                00000013
INDF                              00000000
INTCON                            0000000B
INTE                              00000004
INTEDG                            00000006
INTF                              00000001
IRP                               00000007
LOOP1                             0000003E
LOOP2                             00000044
MAIN                              00000014
MAINLP                            0000001D
NOT_PD                            00000003
NOT_RBPU                          00000007
NOT_TO                            00000004
OPTION_REG                        00000081
OUT                               00000011
PCL                               00000002
PCLATH                            0000000A
PORTA                             00000005
PORTB                             00000006
PS0                               00000000
PS1                               00000001
PS2                               00000002
PSA                               00000003
RA0                               00000000
RA1                               00000001
RA2                               00000002
RA3                               00000003
RA4                               00000004
RB0                               00000000
RB1                               00000001
RB2                               00000002
RB3                               00000003
RB4                               00000004
RB5                               00000005
RB6                               00000006
MPASM 5.84                        SMP9_5.ASM   1-22-2020  11:13:03         PAGE  5


SYMBOL TABLE
  LABEL                             VALUE 

RB7                               00000007
RBIE                              00000003
RBIF                              00000000
RD                                00000000
REG1                              00000012
RP0                               00000005
RP1                               00000006
STATUS                            00000003
STATUS_TEMP                       0000000D
T0CS                              00000005
T0IE                              00000005
T0IF                              00000002
T0SE                              00000004
TIME104                           00000042
TIME156                           0000003C
TMPA                              00000010
TMR0                              00000001
TMR0IE                            00000005
TMR0IF                            00000002
TRISA                             00000085
TRISA0                            00000000
TRISA1                            00000001
TRISA2                            00000002
TRISA3                            00000003
TRISA4                            00000004
TRISB                             00000086
TRISB0                            00000000
TRISB1                            00000001
TRISB2                            00000002
TRISB3                            00000003
TRISB4                            00000004
TRISB5                            00000005
TRISB6                            00000006
TRISB7                            00000007
W                                 00000000
WR                                00000001
WREN                              00000002
WRERR                             00000003
W_TEMP                            0000000C
Z                                 00000002
_CONFIG                           00002007
_CP_OFF                           00003FFF
_CP_ON                            0000000F
_DEVID1                           00002006
_FOSC_EXTRC                       00003FFF
_FOSC_HS                          00003FFE
_FOSC_LP                          00003FFC
_FOSC_XT                          00003FFD
_HS_OSC                           00003FFE
_IDLOC0                           00002000
_IDLOC1                           00002001
_IDLOC2                           00002002
_IDLOC3                           00002003
MPASM 5.84                        SMP9_5.ASM   1-22-2020  11:13:03         PAGE  6


SYMBOL TABLE
  LABEL                             VALUE 

_LP_OSC                           00003FFC
_PWRTE_OFF                        00003FFF
_PWRTE_ON                         00003FF7
_RC_OSC                           00003FFF
_WDTE_OFF                         00003FFB
_WDTE_ON                          00003FFF
_WDT_OFF                          00003FFB
_WDT_ON                           00003FFF
_XT_OSC                           00003FFD
__16F84A                          00000001

Errors   :     0
Warnings :     0 reported,     0 suppressed
Messages :     3 reported,     0 suppressed

