MPASM 5.83                        SMP4_2.ASM   6-12-2019  8:19:05         PAGE  1


LOC  OBJECT CODE     LINE SOURCE TEXT
  VALUE

                      00001         LIST    P=PIC16F84A
                      00002         INCLUDE "P16F84A.INC"
                      00001         LIST
                      00002 
                      00003 ;==========================================================================
                      00004 ; Build date : Jan 21 2019
                      00005 ;  MPASM PIC16F84A processor include
                      00006 ; 
                      00007 ;  (c) Copyright 1999-2019 Microchip Technology, All rights reserved
                      00008 ;==========================================================================
                      00009 
                      00209         LIST
                      00003                 
2007   3FFA           00004         __CONFIG    _HS_OSC&_WDT_OFF
                      00005                 
  0000000C            00006 CNT1    EQU         0CH
  0000000D            00007 CNT2    EQU         0DH
  0000000E            00008 CNT3    EQU         0EH
  0000000F            00009 CNT4    EQU         0FH
  00000010            00010 TMP     EQU         10H
                      00011 
                      00012         ORG         0H
                      00013 
0000                  00014 MAIN    
0000   1683           00015         BSF         STATUS , RP0
Message[302]: Register in operand not in bank 0.  Ensure that bank bits are correct.
0001   0186           00016         CLRF        TRISB
0002   1283           00017         BCF         STATUS , RP0
0003   3080           00018         MOVLW       B'10000000'
0004   0086           00019         MOVWF       PORTB
0005   2???           00020         GOTO        MAINLP
                      00021         
0006                  00022 MAIN1
0006   2???           00023         CALL        TIME125M
0007   1003           00024         BCF         STATUS , C
0008   3080           00025         MOVLW       B'10000000'
0009   0086           00026         MOVWF       PORTB
000A   2???           00027         GOTO        MAINLP
                      00028         
000B                  00029 MAINLP  
000B   2???           00030         CALL        TIME125M
000C   0C86           00031         RRF         PORTB,F
000D   1806           00032         BTFSC       PORTB,0
000E   2???           00033         GOTO        MAIN1
000F   2???           00034         GOTO        MAINLP
                      00035         
0010                  00036 TIME100U                                                
0010   30A5           00037         MOVLW       0A5H                        
0011   008C           00038         MOVWF       CNT1                        
0012   0000           00039         NOP                                             
0013   0000           00040         NOP                                             
0014                  00041 LOOP1
0014   0B8C           00042         DECFSZ      CNT1,F                      
MPASM 5.83                        SMP4_2.ASM   6-12-2019  8:19:05         PAGE  2


LOC  OBJECT CODE     LINE SOURCE TEXT
  VALUE

0015   2???           00043         GOTO        LOOP1                       
0016   0008           00044         RETURN                                  
                      00045                 
                      00046 
0017                  00047 TIME10M
0017   3063           00048         MOVLW       063H                        
0018   008D           00049         MOVWF       CNT2                        
0019   0000           00050         NOP                                             
001A   0000           00051         NOP             
001B                  00052 LOOP2
001B   2???           00053         CALL        TIME100U
001C   0B8D           00054         DECFSZ      CNT2,F      
001D   2???           00055         GOTO        LOOP2                       
001E   0008           00056         RETURN                                  
                      00057         
001F                  00058 TIME125M
001F   300C           00059         MOVLW       0cH                 
0020   008E           00060         MOVWF       CNT3
0021                  00061 LOOP3
0021   2???           00062         CALL        TIME10M
0022   0B8E           00063         DECFSZ      CNT3,F
0023   2???           00064         GOTO        LOOP3
0024   2???           00065         CALL        TIME50M
0025   0008           00066         RETURN
                      00067         
0026                  00068 TIME50M
0026   3032           00069         MOVLW       032H                        
0027   008F           00070         MOVWF       CNT4
0028                  00071 LOOP4
0028   2???           00072         CALL        TIME100U
0029   0B8F           00073         DECFSZ      CNT4,F
002A   2???           00074         GOTO        LOOP4
002B   0008           00075         RETURN  
3FFA                  00076         END
MPASM 5.83                        SMP4_2.ASM   6-12-2019  8:19:05         PAGE  3


SYMBOL TABLE
  LABEL                             VALUE 

C                                 00000000
CNT1                              0000000C
CNT2                              0000000D
CNT3                              0000000E
CNT4                              0000000F
DC                                00000001
EEADR                             00000009
EECON1                            00000088
EECON2                            00000089
EEDATA                            00000008
EEIE                              00000006
EEIF                              00000004
F                                 00000001
FSR                               00000004
GIE                               00000007
INDF                              00000000
INTCON                            0000000B
INTE                              00000004
INTEDG                            00000006
INTF                              00000001
IRP                               00000007
LOOP1                             00000014
LOOP2                             0000001B
LOOP3                             00000021
LOOP4                             00000028
MAIN                              00000000
MAIN1                             00000006
MAINLP                            0000000B
NOT_PD                            00000003
NOT_RBPU                          00000007
NOT_TO                            00000004
OPTION_REG                        00000081
PCL                               00000002
PCLATH                            0000000A
PORTA                             00000005
PORTB                             00000006
PS0                               00000000
PS1                               00000001
PS2                               00000002
PSA                               00000003
RA0                               00000000
RA1                               00000001
RA2                               00000002
RA3                               00000003
RA4                               00000004
RB0                               00000000
RB1                               00000001
RB2                               00000002
RB3                               00000003
RB4                               00000004
RB5                               00000005
RB6                               00000006
RB7                               00000007
MPASM 5.83                        SMP4_2.ASM   6-12-2019  8:19:05         PAGE  4


SYMBOL TABLE
  LABEL                             VALUE 

RBIE                              00000003
RBIF                              00000000
RD                                00000000
RP0                               00000005
RP1                               00000006
STATUS                            00000003
T0CS                              00000005
T0IE                              00000005
T0IF                              00000002
T0SE                              00000004
TIME100U                          00000010
TIME10M                           00000017
TIME125M                          0000001F
TIME50M                           00000026
TMP                               00000010
TMR0                              00000001
TMR0IE                            00000005
TMR0IF                            00000002
TRISA                             00000085
TRISA0                            00000000
TRISA1                            00000001
TRISA2                            00000002
TRISA3                            00000003
TRISA4                            00000004
TRISB                             00000086
TRISB0                            00000000
TRISB1                            00000001
TRISB2                            00000002
TRISB3                            00000003
TRISB4                            00000004
TRISB5                            00000005
TRISB6                            00000006
TRISB7                            00000007
W                                 00000000
WR                                00000001
WREN                              00000002
WRERR                             00000003
Z                                 00000002
_CONFIG                           00002007
_CP_OFF                           00003FFF
_CP_ON                            0000000F
_DEVID1                           00002006
_FOSC_EXTRC                       00003FFF
_FOSC_HS                          00003FFE
_FOSC_LP                          00003FFC
_FOSC_XT                          00003FFD
_HS_OSC                           00003FFE
_IDLOC0                           00002000
_IDLOC1                           00002001
_IDLOC2                           00002002
_IDLOC3                           00002003
_LP_OSC                           00003FFC
_PWRTE_OFF                        00003FFF
MPASM 5.83                        SMP4_2.ASM   6-12-2019  8:19:05         PAGE  5


SYMBOL TABLE
  LABEL                             VALUE 

_PWRTE_ON                         00003FF7
_RC_OSC                           00003FFF
_WDTE_OFF                         00003FFB
_WDTE_ON                          00003FFF
_WDT_OFF                          00003FFB
_WDT_ON                           00003FFF
_XT_OSC                           00003FFD
__16F84A                          00000001

Errors   :     0
Warnings :     0 reported,     0 suppressed
Messages :     1 reported,     0 suppressed

