MPASM 5.84                        SMP6_1.ASM   7-17-2019  9:29:51         PAGE  1


LOC  OBJECT CODE     LINE SOURCE TEXT
  VALUE

                      00001     LIST P = PIC16F84A
                      00002     INCLUDE "P16F84A.INC"
                      00001         LIST
                      00002 
                      00003 ;==========================================================================
                      00004 ; Build date : Mar 17 2019
                      00005 ;  MPASM PIC16F84A processor include
                      00006 ; 
                      00007 ;  (c) Copyright 1999-2019 Microchip Technology, All rights reserved
                      00008 ;==========================================================================
                      00009 
                      00209         LIST
                      00003 
2007   3FF2           00004     __CONFIG _HS_OSC & _CP_OFF & _WDT_OFF & _PWRTE_ON
                      00005     
  0000000C            00006 W_TEMP          EQU         0CH
  0000000D            00007 STATUS_TEMP     EQU         0DH
  0000000E            00008 TMP             EQU         0E
                      00009            
                      00010     ORG         0H
0000   2???           00011     GOTO        MAIN
                      00012     ORG         04H
                      00013     
                      00014 ;PUSH
0004   008C           00015     MOVWF       W_TEMP
0005   0803           00016     MOVF        STATUS,W
0006   008D           00017     MOVWF       STATUS_TEMP
                      00018     
0007   098E           00019     COMF        TMP,F
                      00020     
                      00021 ;POP
0008   080D           00022     MOVF        STATUS_TEMP,W
0009   0083           00023     MOVWF       STATUS
000A   0E8C           00024     SWAPF       W_TEMP,F
000B   0E0C           00025     SWAPF       W_TEMP,W
000C   108B           00026     BCF         INTCON,INTF
000D   0009           00027     RETFIE
                      00028     
000E                  00029 MAIN 
000E   138B           00030     BCF         INTCON,GIE
000F   1683           00031     BSF         STATUS,RP0
Message[302]: Register in operand not in bank 0.  Ensure that bank bits are correct.
0010   0185           00032     CLRF        TRISA
0011   30FF           00033     MOVLW       0FFH
0012   1283           00034     BCF         STATUS,RP0
0013   0185           00035     CLRF        PORTA
0014   018E           00036     CLRF        TMP
0015   160B           00037     BSF         INTCON,INTE
0016   178B           00038     BSF         INTCON,GIE
0017   108B           00039     BCF         INTCON,INTF
                      00040     
0018                  00041 LOOP
0018   080E           00042     MOVF        TMP,W
MPASM 5.84                        SMP6_1.ASM   7-17-2019  9:29:51         PAGE  2


LOC  OBJECT CODE     LINE SOURCE TEXT
  VALUE

0019   0085           00043     MOVWF       PORTA
001A   2???           00044     GOTO        LOOP
                      00045     
3FF2                  00046     END
MPASM 5.84                        SMP6_1.ASM   7-17-2019  9:29:51         PAGE  3


SYMBOL TABLE
  LABEL                             VALUE 

C                                 00000000
DC                                00000001
EEADR                             00000009
EECON1                            00000088
EECON2                            00000089
EEDATA                            00000008
EEIE                              00000006
EEIF                              00000004
F                                 00000001
FSR                               00000004
GIE                               00000007
INDF                              00000000
INTCON                            0000000B
INTE                              00000004
INTEDG                            00000006
INTF                              00000001
IRP                               00000007
LOOP                              00000018
MAIN                              0000000E
NOT_PD                            00000003
NOT_RBPU                          00000007
NOT_TO                            00000004
OPTION_REG                        00000081
PCL                               00000002
PCLATH                            0000000A
PORTA                             00000005
PORTB                             00000006
PS0                               00000000
PS1                               00000001
PS2                               00000002
PSA                               00000003
RA0                               00000000
RA1                               00000001
RA2                               00000002
RA3                               00000003
RA4                               00000004
RB0                               00000000
RB1                               00000001
RB2                               00000002
RB3                               00000003
RB4                               00000004
RB5                               00000005
RB6                               00000006
RB7                               00000007
RBIE                              00000003
RBIF                              00000000
RD                                00000000
RP0                               00000005
RP1                               00000006
STATUS                            00000003
STATUS_TEMP                       0000000D
T0CS                              00000005
T0IE                              00000005
MPASM 5.84                        SMP6_1.ASM   7-17-2019  9:29:51         PAGE  4


SYMBOL TABLE
  LABEL                             VALUE 

T0IF                              00000002
T0SE                              00000004
TMP                               0000000E
TMR0                              00000001
TMR0IE                            00000005
TMR0IF                            00000002
TRISA                             00000085
TRISA0                            00000000
TRISA1                            00000001
TRISA2                            00000002
TRISA3                            00000003
TRISA4                            00000004
TRISB                             00000086
TRISB0                            00000000
TRISB1                            00000001
TRISB2                            00000002
TRISB3                            00000003
TRISB4                            00000004
TRISB5                            00000005
TRISB6                            00000006
TRISB7                            00000007
W                                 00000000
WR                                00000001
WREN                              00000002
WRERR                             00000003
W_TEMP                            0000000C
Z                                 00000002
_CONFIG                           00002007
_CP_OFF                           00003FFF
_CP_ON                            0000000F
_DEVID1                           00002006
_FOSC_EXTRC                       00003FFF
_FOSC_HS                          00003FFE
_FOSC_LP                          00003FFC
_FOSC_XT                          00003FFD
_HS_OSC                           00003FFE
_IDLOC0                           00002000
_IDLOC1                           00002001
_IDLOC2                           00002002
_IDLOC3                           00002003
_LP_OSC                           00003FFC
_PWRTE_OFF                        00003FFF
_PWRTE_ON                         00003FF7
_RC_OSC                           00003FFF
_WDTE_OFF                         00003FFB
_WDTE_ON                          00003FFF
_WDT_OFF                          00003FFB
_WDT_ON                           00003FFF
_XT_OSC                           00003FFD
__16F84A                          00000001

MPASM 5.84                        SMP6_1.ASM   7-17-2019  9:29:51         PAGE  5





Errors   :     0
Warnings :     0 reported,     0 suppressed
Messages :     1 reported,     0 suppressed

