MPASM 5.84                        SMP9_4.ASM   1-15-2020  12:16:12         PAGE  1


LOC  OBJECT CODE     LINE SOURCE TEXT
  VALUE

                      00001                 LIST P=PIC16F84A
                      00002                 #INCLUDE<P16F84A.INC>
                      00001         LIST
                      00002 
                      00003 ;==========================================================================
                      00004 ; Build date : Mar 17 2019
                      00005 ;  MPASM PIC16F84A processor include
                      00006 ; 
                      00007 ;  (c) Copyright 1999-2019 Microchip Technology, All rights reserved
                      00008 ;==========================================================================
                      00009 
                      00209         LIST
                      00003                 
2007   3FF2           00004                 __CONFIG _HS_OSC&_CP_OFF&_WDT_OFF&_PWRTE_ON
                      00005 
  0000000C            00006 W_TEMP          EQU             0CH
  0000000D            00007 STATUS_TEMP     EQU             0DH
  0000000E            00008 CNT1            EQU             0EH
  0000000F            00009 CNTB            EQU             0FH
  00000010            00010 TMPA            EQU             010H
  00000011            00011 OUT             EQU             011H
  00000012            00012 REG1            EQU             012H
                      00013 
                      00014                 ORG             0H
0000   2???           00015                 GOTO    MAIN
                      00016                         
                      00017                 ORG             04H
                      00018 
                      00019 ;PUSH
0004   008C           00020                 MOVWF   W_TEMP
0005   0803           00021                 MOVF    STATUS,W
0006   008D           00022                 MOVWF   STATUS_TEMP
                      00023 
0007   2???           00024                 CALL    CRECV
0008   0091           00025                 MOVWF   OUT
                      00026 
                      00027 ;POP
0009   080D           00028                 MOVF    STATUS_TEMP,W
000A   0083           00029                 MOVWF   STATUS
000B   0E8C           00030                 SWAPF   W_TEMP,F
000C   0E0C           00031                 SWAPF   W_TEMP,W
000D   108B           00032                 BCF             INTCON,INTF
000E   0009           00033                 RETFIE
                      00034 
                      00035 ;REMAINING CODE GOES HERE
                      00036 
000F                  00037 MAIN
000F   1683           00038                 BSF     STATUS,RP0
0010   138B           00039                 BCF     INTCON,GIE
Message[302]: Register in operand not in bank 0.  Ensure that bank bits are correct.
0011   0185           00040                 CLRF    TRISA
0012   300F           00041                 MOVLW   0FH
Message[302]: Register in operand not in bank 0.  Ensure that bank bits are correct.
MPASM 5.84                        SMP9_4.ASM   1-15-2020  12:16:12         PAGE  2


LOC  OBJECT CODE     LINE SOURCE TEXT
  VALUE

0013   0086           00042                 MOVWF   TRISB
Message[302]: Register in operand not in bank 0.  Ensure that bank bits are correct.
0014   1301           00043                 BCF     OPTION_REG,INTEDG
0015   1283           00044                 BCF     STATUS,RP0
0016   178B           00045                 BSF     INTCON,GIE
0017   160B           00046                 BSF     INTCON,INTE             
                      00047 
0018                  00048 MAINLP
0018   0811           00049                 MOVF    OUT,W
0019   0092           00050                 MOVWF   REG1
                      00051                 
001A   3030           00052                 MOVLW   030H
001B   0292           00053                 SUBWF   REG1,F
001C   1903           00054                 BTFSC   STATUS,Z
001D   2???           00055                 GOTO    L0
                      00056                 
001E   3001           00057                 MOVLW   001H
001F   0292           00058                 SUBWF   REG1,F
0020   1903           00059                 BTFSC   STATUS,Z
0021   2???           00060                 GOTO    L1
                      00061                 
0022   3001           00062                 MOVLW   001H
0023   0292           00063                 SUBWF   REG1,F
0024   1903           00064                 BTFSC   STATUS,Z
0025   2???           00065                 GOTO    L2
                      00066                 
0026   2???           00067                 GOTO   L3
                      00068 
0027                  00069 L0
0027   3001           00070                 MOVLW   01H
0028   0085           00071                 MOVWF   PORTA
0029   2???           00072                 GOTO    MAINLP
002A                  00073 L1
002A   3002           00074                 MOVLW   02H
002B   0085           00075                 MOVWF   PORTA
002C   2???           00076                 GOTO    MAINLP
                      00077                 
002D                  00078 L2
002D   3004           00079                 MOVLW   04H
002E   0085           00080                 MOVWF   PORTA
002F   2???           00081                 GOTO    MAINLP
                      00082 
0030                  00083 L3
0030   3008           00084                 MOVLW   08H
0031   0085           00085                 MOVWF   PORTA
0032   2???           00086                 GOTO    MAINLP
                      00087                 
0033                  00088 CRECV
0033   0190           00089                 CLRF    TMPA
0034   3008           00090                 MOVLW   08H
0035   008F           00091                 MOVWF   CNTB
0036   2???           00092                 CALL    TIME156
                      00093 
MPASM 5.84                        SMP9_4.ASM   1-15-2020  12:16:12         PAGE  3


LOC  OBJECT CODE     LINE SOURCE TEXT
  VALUE

0037                  00094 CRECVLP
0037   1806           00095                 BTFSC   PORTB,0
0038   1403           00096                 BSF     STATUS,C
0039   1C06           00097                 BTFSS   PORTB,0
003A   1003           00098                 BCF     STATUS,C
003B   0C90           00099                 RRF     TMPA,F
003C   2???           00100                 CALL    TIME104
003D   0B8F           00101                 DECFSZ  CNTB,F
003E   2???           00102                 GOTO    CRECVLP
003F   0810           00103                 MOVF    TMPA,W
0040   0008           00104                 RETURN
                      00105 
0041                  00106 TIME156
0041   30C3           00107                 MOVLW   0C3H
0042   008E           00108                 MOVWF   CNT1
0043                  00109 LOOP1
0043   0000           00110                 NOP
0044   0B8E           00111                 DECFSZ  CNT1,F
0045   2???           00112                 GOTO    LOOP1
0046   0008           00113                 RETURN
                      00114 
0047                  00115 TIME104
0047   3082           00116                 MOVLW   082H
0048   008E           00117                 MOVWF   CNT1
0049                  00118 LOOP2
0049   0000           00119                 NOP
004A   0B8E           00120                 DECFSZ  CNT1,F
004B   2???           00121                 GOTO    LOOP2
004C   0008           00122                 RETURN
                      00123 
3FF2                  00124                 END
MPASM 5.84                        SMP9_4.ASM   1-15-2020  12:16:12         PAGE  4


SYMBOL TABLE
  LABEL                             VALUE 

C                                 00000000
CNT1                              0000000E
CNTB                              0000000F
CRECV                             00000033
CRECVLP                           00000037
DC                                00000001
EEADR                             00000009
EECON1                            00000088
EECON2                            00000089
EEDATA                            00000008
EEIE                              00000006
EEIF                              00000004
F                                 00000001
FSR                               00000004
GIE                               00000007
INDF                              00000000
INTCON                            0000000B
INTE                              00000004
INTEDG                            00000006
INTF                              00000001
IRP                               00000007
L0                                00000027
L1                                0000002A
L2                                0000002D
L3                                00000030
LOOP1                             00000043
LOOP2                             00000049
MAIN                              0000000F
MAINLP                            00000018
NOT_PD                            00000003
NOT_RBPU                          00000007
NOT_TO                            00000004
OPTION_REG                        00000081
OUT                               00000011
PCL                               00000002
PCLATH                            0000000A
PORTA                             00000005
PORTB                             00000006
PS0                               00000000
PS1                               00000001
PS2                               00000002
PSA                               00000003
RA0                               00000000
RA1                               00000001
RA2                               00000002
RA3                               00000003
RA4                               00000004
RB0                               00000000
RB1                               00000001
RB2                               00000002
RB3                               00000003
RB4                               00000004
RB5                               00000005
MPASM 5.84                        SMP9_4.ASM   1-15-2020  12:16:12         PAGE  5


SYMBOL TABLE
  LABEL                             VALUE 

RB6                               00000006
RB7                               00000007
RBIE                              00000003
RBIF                              00000000
RD                                00000000
REG1                              00000012
RP0                               00000005
RP1                               00000006
STATUS                            00000003
STATUS_TEMP                       0000000D
T0CS                              00000005
T0IE                              00000005
T0IF                              00000002
T0SE                              00000004
TIME104                           00000047
TIME156                           00000041
TMPA                              00000010
TMR0                              00000001
TMR0IE                            00000005
TMR0IF                            00000002
TRISA                             00000085
TRISA0                            00000000
TRISA1                            00000001
TRISA2                            00000002
TRISA3                            00000003
TRISA4                            00000004
TRISB                             00000086
TRISB0                            00000000
TRISB1                            00000001
TRISB2                            00000002
TRISB3                            00000003
TRISB4                            00000004
TRISB5                            00000005
TRISB6                            00000006
TRISB7                            00000007
W                                 00000000
WR                                00000001
WREN                              00000002
WRERR                             00000003
W_TEMP                            0000000C
Z                                 00000002
_CONFIG                           00002007
_CP_OFF                           00003FFF
_CP_ON                            0000000F
_DEVID1                           00002006
_FOSC_EXTRC                       00003FFF
_FOSC_HS                          00003FFE
_FOSC_LP                          00003FFC
_FOSC_XT                          00003FFD
_HS_OSC                           00003FFE
_IDLOC0                           00002000
_IDLOC1                           00002001
_IDLOC2                           00002002
MPASM 5.84                        SMP9_4.ASM   1-15-2020  12:16:12         PAGE  6


SYMBOL TABLE
  LABEL                             VALUE 

_IDLOC3                           00002003
_LP_OSC                           00003FFC
_PWRTE_OFF                        00003FFF
_PWRTE_ON                         00003FF7
_RC_OSC                           00003FFF
_WDTE_OFF                         00003FFB
_WDTE_ON                          00003FFF
_WDT_OFF                          00003FFB
_WDT_ON                           00003FFF
_XT_OSC                           00003FFD
__16F84A                          00000001

Errors   :     0
Warnings :     0 reported,     0 suppressed
Messages :     3 reported,     0 suppressed

